<?xml version="1.0" encoding="UTF-8"?>
<testsuite xmlns:xsi="http://www.w3.org/2001/XMLSchema-instance" xsi:noNamespaceSchemaLocation="https://maven.apache.org/surefire/maven-surefire-plugin/xsd/surefire-test-report-3.0.xsd" version="3.0" name="com.streaming.model.ModelsUnitTest" time="0.007" tests="4" errors="0" skipped="0" failures="0">
  <properties>
[...]
</properties>
  <testcase name="testUserSubscription" classname="com.streaming.model.ModelsUnitTest" time="0.001"/>
  <testcase name="testEnrichedVideoView" classname="com.streaming.model.ModelsUnitTest" time="0.001"/>
  <testcase name="testVideoMetadata" classname="com.streaming.model.ModelsUnitTest" time="0.001"/>
  <testcase name="testVideoViewModel" classname="com.streaming.model.ModelsUnitTest" time="0.002"/>
</testsuite>