<?xml version="1.0" encoding="UTF-8"?>
<testsuite xmlns:xsi="http://www.w3.org/2001/XMLSchema-instance" xsi:noNamespaceSchemaLocation="https://maven.apache.org/surefire/maven-surefire-plugin/xsd/surefire-test-report-3.0.xsd" version="3.0" name="com.streaming.integration.VideoStreamingIntegrationTest" time="3.98" tests="4" errors="0" skipped="0" failures="0">
  <properties>
[...]
</properties>
  <testcase name="testSubscriptionJoin" classname="com.streaming.integration.VideoStreamingIntegrationTest" time="1.33">
    <system-out><![CDATA[09:06:29.227 INFO RocksDBTimestampedStore - Opening store video-metadata-store in regular mode
09:06:29.276 INFO RocksDBTimestampedStore - Opening store user-subscriptions-store in regular mode
09:06:29.326 INFO RocksDBTimestampedStore - Opening store video-view-counts in regular mode
09:06:29.374 INFO RocksDBTimestampedStore - Opening store video-watch-time in regular mode
09:06:29.418 INFO RocksDBTimestampedStore - Opening store views-by-genre in regular mode
09:06:29.461 INFO RocksDBTimestampedStore - Opening store user-watch-time in regular mode
09:06:29.507 INFO RocksDBTimestampedStore - Opening store views-by-subscription in regular mode
09:06:29.516 INFO ProcessorStateManager - topology-test-driver State store video-metadata-store did not find checkpoint offset, hence would default to the starting offset at changelog integration-test-video-metadata-store-changelog-0
09:06:29.516 INFO ProcessorStateManager - topology-test-driver State store user-subscriptions-store did not find checkpoint offset, hence would default to the starting offset at changelog integration-test-user-subscriptions-store-changelog-0
09:06:29.516 INFO ProcessorStateManager - topology-test-driver State store video-view-counts did not find checkpoint offset, hence would default to the starting offset at changelog integration-test-video-view-counts-changelog-0
09:06:29.516 INFO ProcessorStateManager - topology-test-driver State store video-watch-time did not find checkpoint offset, hence would default to the starting offset at changelog integration-test-video-watch-time-changelog-0
09:06:29.516 INFO ProcessorStateManager - topology-test-driver State store views-by-genre did not find checkpoint offset, hence would default to the starting offset at changelog integration-test-views-by-genre-changelog-0
09:06:29.517 INFO ProcessorStateManager - topology-test-driver State store user-watch-time did not find checkpoint offset, hence would default to the starting offset at changelog integration-test-user-watch-time-changelog-0
09:06:29.517 INFO ProcessorStateManager - topology-test-driver State store views-by-subscription did not find checkpoint offset, hence would default to the starting offset at changelog integration-test-views-by-subscription-changelog-0
09:06:29.517 INFO ProcessorStateManager - topology-test-driver State store trending-videos did not find checkpoint offset, hence would default to the starting offset at changelog integration-test-trending-videos-changelog-0
09:06:29.517 INFO StreamTask - stream-thread [main] task [0_0] Initialized
09:06:29.529 INFO StreamTask - stream-thread [main] task [0_0] Restored and ready to run
09:06:29.670 INFO RocksDBTimestampedStore - Opening store trending-videos.1765440000000 in regular mode
09:06:29.719 INFO RocksDBTimestampedStore - Opening store trending-videos.1765440150000 in regular mode
09:06:29.766 INFO RocksDBTimestampedStore - Opening store trending-videos.1765440300000 in regular mode
09:06:29.969 INFO TopologyTestDriver - Method #getTimestampedKeyValueStore() should be used to access a TimestampedKeyValueStore.
09:06:29.977 INFO StreamTask - stream-thread [main] task [0_0] Suspended from RUNNING
09:06:30.019 INFO RecordCollectorImpl - topology-test-driver Closing record collector clean
09:06:30.019 INFO StreamTask - stream-thread [main] task [0_0] Closed clean
09:06:30.020 INFO StateDirectory - stream-thread [main] Deleting task directory 0_0 for 0_0 as user calling cleanup.
09:06:30.032 WARN StateDirectory - stream-thread [main] Failed to delete state store directory of /Users/nafra/Desktop/code/kraya/kafka/projet/test_state_integration/integration-test for it is not empty
]]></system-out>
  </testcase>
  <testcase name="testVideoViewCounts" classname="com.streaming.integration.VideoStreamingIntegrationTest" time="0.722">
    <system-out><![CDATA[09:06:30.082 INFO RocksDBTimestampedStore - Opening store video-metadata-store in regular mode
09:06:30.119 INFO RocksDBTimestampedStore - Opening store user-subscriptions-store in regular mode
09:06:30.158 INFO RocksDBTimestampedStore - Opening store video-view-counts in regular mode
09:06:30.208 INFO RocksDBTimestampedStore - Opening store video-watch-time in regular mode
09:06:30.249 INFO RocksDBTimestampedStore - Opening store views-by-genre in regular mode
09:06:30.294 INFO RocksDBTimestampedStore - Opening store user-watch-time in regular mode
09:06:30.339 INFO RocksDBTimestampedStore - Opening store views-by-subscription in regular mode
09:06:30.341 INFO ProcessorStateManager - topology-test-driver State store video-metadata-store did not find checkpoint offset, hence would default to the starting offset at changelog integration-test-video-metadata-store-changelog-0
09:06:30.341 INFO ProcessorStateManager - topology-test-driver State store user-subscriptions-store did not find checkpoint offset, hence would default to the starting offset at changelog integration-test-user-subscriptions-store-changelog-0
09:06:30.341 INFO ProcessorStateManager - topology-test-driver State store video-view-counts did not find checkpoint offset, hence would default to the starting offset at changelog integration-test-video-view-counts-changelog-0
09:06:30.341 INFO ProcessorStateManager - topology-test-driver State store video-watch-time did not find checkpoint offset, hence would default to the starting offset at changelog integration-test-video-watch-time-changelog-0
09:06:30.341 INFO ProcessorStateManager - topology-test-driver State store views-by-genre did not find checkpoint offset, hence would default to the starting offset at changelog integration-test-views-by-genre-changelog-0
09:06:30.341 INFO ProcessorStateManager - topology-test-driver State store user-watch-time did not find checkpoint offset, hence would default to the starting offset at changelog integration-test-user-watch-time-changelog-0
09:06:30.341 INFO ProcessorStateManager - topology-test-driver State store views-by-subscription did not find checkpoint offset, hence would default to the starting offset at changelog integration-test-views-by-subscription-changelog-0
09:06:30.342 INFO ProcessorStateManager - topology-test-driver State store trending-videos did not find checkpoint offset, hence would default to the starting offset at changelog integration-test-trending-videos-changelog-0
09:06:30.342 INFO StreamTask - stream-thread [main] task [0_0] Initialized
09:06:30.348 INFO StreamTask - stream-thread [main] task [0_0] Restored and ready to run
09:06:30.397 INFO RocksDBTimestampedStore - Opening store trending-videos.1765440000000 in regular mode
09:06:30.434 INFO RocksDBTimestampedStore - Opening store trending-videos.1765440150000 in regular mode
09:06:30.475 INFO RocksDBTimestampedStore - Opening store trending-videos.1765440300000 in regular mode
09:06:30.715 INFO TopologyTestDriver - Method #getTimestampedKeyValueStore() should be used to access a TimestampedKeyValueStore.
09:06:30.716 INFO StreamTask - stream-thread [main] task [0_0] Suspended from RUNNING
09:06:30.746 INFO RecordCollectorImpl - topology-test-driver Closing record collector clean
09:06:30.746 INFO StreamTask - stream-thread [main] task [0_0] Closed clean
09:06:30.746 INFO StateDirectory - stream-thread [main] Deleting task directory 0_0 for 0_0 as user calling cleanup.
09:06:30.758 WARN StateDirectory - stream-thread [main] Failed to delete state store directory of /Users/nafra/Desktop/code/kraya/kafka/projet/test_state_integration/integration-test for it is not empty
]]></system-out>
  </testcase>
  <testcase name="testViewsByGenre" classname="com.streaming.integration.VideoStreamingIntegrationTest" time="1.167">
    <system-out><![CDATA[09:06:30.802 INFO RocksDBTimestampedStore - Opening store video-metadata-store in regular mode
09:06:30.843 INFO RocksDBTimestampedStore - Opening store user-subscriptions-store in regular mode
09:06:30.887 INFO RocksDBTimestampedStore - Opening store video-view-counts in regular mode
09:06:30.933 INFO RocksDBTimestampedStore - Opening store video-watch-time in regular mode
09:06:30.989 INFO RocksDBTimestampedStore - Opening store views-by-genre in regular mode
09:06:31.031 INFO RocksDBTimestampedStore - Opening store user-watch-time in regular mode
09:06:31.073 INFO RocksDBTimestampedStore - Opening store views-by-subscription in regular mode
09:06:31.074 INFO ProcessorStateManager - topology-test-driver State store video-metadata-store did not find checkpoint offset, hence would default to the starting offset at changelog integration-test-video-metadata-store-changelog-0
09:06:31.075 INFO ProcessorStateManager - topology-test-driver State store user-subscriptions-store did not find checkpoint offset, hence would default to the starting offset at changelog integration-test-user-subscriptions-store-changelog-0
09:06:31.075 INFO ProcessorStateManager - topology-test-driver State store video-view-counts did not find checkpoint offset, hence would default to the starting offset at changelog integration-test-video-view-counts-changelog-0
09:06:31.075 INFO ProcessorStateManager - topology-test-driver State store video-watch-time did not find checkpoint offset, hence would default to the starting offset at changelog integration-test-video-watch-time-changelog-0
09:06:31.075 INFO ProcessorStateManager - topology-test-driver State store views-by-genre did not find checkpoint offset, hence would default to the starting offset at changelog integration-test-views-by-genre-changelog-0
09:06:31.075 INFO ProcessorStateManager - topology-test-driver State store user-watch-time did not find checkpoint offset, hence would default to the starting offset at changelog integration-test-user-watch-time-changelog-0
09:06:31.075 INFO ProcessorStateManager - topology-test-driver State store views-by-subscription did not find checkpoint offset, hence would default to the starting offset at changelog integration-test-views-by-subscription-changelog-0
09:06:31.075 INFO ProcessorStateManager - topology-test-driver State store trending-videos did not find checkpoint offset, hence would default to the starting offset at changelog integration-test-trending-videos-changelog-0
09:06:31.075 INFO StreamTask - stream-thread [main] task [0_0] Initialized
09:06:31.081 INFO StreamTask - stream-thread [main] task [0_0] Restored and ready to run
09:06:31.179 INFO RocksDBTimestampedStore - Opening store trending-videos.1765440000000 in regular mode
09:06:31.221 INFO RocksDBTimestampedStore - Opening store trending-videos.1765440150000 in regular mode
09:06:31.262 INFO RocksDBTimestampedStore - Opening store trending-videos.1765440300000 in regular mode
09:06:31.867 INFO TopologyTestDriver - Method #getTimestampedKeyValueStore() should be used to access a TimestampedKeyValueStore.
09:06:31.869 INFO StreamTask - stream-thread [main] task [0_0] Suspended from RUNNING
09:06:31.909 INFO RecordCollectorImpl - topology-test-driver Closing record collector clean
09:06:31.909 INFO StreamTask - stream-thread [main] task [0_0] Closed clean
09:06:31.910 INFO StateDirectory - stream-thread [main] Deleting task directory 0_0 for 0_0 as user calling cleanup.
09:06:31.925 WARN StateDirectory - stream-thread [main] Failed to delete state store directory of /Users/nafra/Desktop/code/kraya/kafka/projet/test_state_integration/integration-test for it is not empty
]]></system-out>
  </testcase>
  <testcase name="testWatchTimeAggregation" classname="com.streaming.integration.VideoStreamingIntegrationTest" time="0.749">
    <system-out><![CDATA[09:06:31.977 INFO RocksDBTimestampedStore - Opening store video-metadata-store in regular mode
09:06:32.025 INFO RocksDBTimestampedStore - Opening store user-subscriptions-store in regular mode
09:06:32.070 INFO RocksDBTimestampedStore - Opening store video-view-counts in regular mode
09:06:32.118 INFO RocksDBTimestampedStore - Opening store video-watch-time in regular mode
09:06:32.161 INFO RocksDBTimestampedStore - Opening store views-by-genre in regular mode
09:06:32.208 INFO RocksDBTimestampedStore - Opening store user-watch-time in regular mode
09:06:32.259 INFO RocksDBTimestampedStore - Opening store views-by-subscription in regular mode
09:06:32.261 INFO ProcessorStateManager - topology-test-driver State store video-metadata-store did not find checkpoint offset, hence would default to the starting offset at changelog integration-test-video-metadata-store-changelog-0
09:06:32.261 INFO ProcessorStateManager - topology-test-driver State store user-subscriptions-store did not find checkpoint offset, hence would default to the starting offset at changelog integration-test-user-subscriptions-store-changelog-0
09:06:32.261 INFO ProcessorStateManager - topology-test-driver State store video-view-counts did not find checkpoint offset, hence would default to the starting offset at changelog integration-test-video-view-counts-changelog-0
09:06:32.261 INFO ProcessorStateManager - topology-test-driver State store video-watch-time did not find checkpoint offset, hence would default to the starting offset at changelog integration-test-video-watch-time-changelog-0
09:06:32.261 INFO ProcessorStateManager - topology-test-driver State store views-by-genre did not find checkpoint offset, hence would default to the starting offset at changelog integration-test-views-by-genre-changelog-0
09:06:32.261 INFO ProcessorStateManager - topology-test-driver State store user-watch-time did not find checkpoint offset, hence would default to the starting offset at changelog integration-test-user-watch-time-changelog-0
09:06:32.262 INFO ProcessorStateManager - topology-test-driver State store views-by-subscription did not find checkpoint offset, hence would default to the starting offset at changelog integration-test-views-by-subscription-changelog-0
09:06:32.262 INFO ProcessorStateManager - topology-test-driver State store trending-videos did not find checkpoint offset, hence would default to the starting offset at changelog integration-test-trending-videos-changelog-0
09:06:32.262 INFO StreamTask - stream-thread [main] task [0_0] Initialized
09:06:32.268 INFO StreamTask - stream-thread [main] task [0_0] Restored and ready to run
09:06:32.321 INFO RocksDBTimestampedStore - Opening store trending-videos.1765440000000 in regular mode
09:06:32.366 INFO RocksDBTimestampedStore - Opening store trending-videos.1765440150000 in regular mode
09:06:32.412 INFO RocksDBTimestampedStore - Opening store trending-videos.1765440300000 in regular mode
09:06:32.641 INFO TopologyTestDriver - Method #getTimestampedKeyValueStore() should be used to access a TimestampedKeyValueStore.
09:06:32.643 INFO StreamTask - stream-thread [main] task [0_0] Suspended from RUNNING
09:06:32.665 INFO RecordCollectorImpl - topology-test-driver Closing record collector clean
09:06:32.666 INFO StreamTask - stream-thread [main] task [0_0] Closed clean
09:06:32.666 INFO StateDirectory - stream-thread [main] Deleting task directory 0_0 for 0_0 as user calling cleanup.
09:06:32.676 WARN StateDirectory - stream-thread [main] Failed to delete state store directory of /Users/nafra/Desktop/code/kraya/kafka/projet/test_state_integration/integration-test for it is not empty
]]></system-out>
  </testcase>
</testsuite>