<?xml version="1.0" encoding="UTF-8"?>
<testsuite xmlns:xsi="http://www.w3.org/2001/XMLSchema-instance" xsi:noNamespaceSchemaLocation="https://maven.apache.org/surefire/maven-surefire-plugin/xsd/surefire-test-report-3.0.xsd" version="3.0" name="com.streaming.integration.VideoStreamingIntegrationTest" time="3.175" tests="4" errors="0" skipped="0" failures="0">
  <properties>
[...]
</properties>
  <testcase name="testSubscriptionJoin" classname="com.streaming.integration.VideoStreamingIntegrationTest" time="0.791">
    <system-out><![CDATA[03:43:22.663 INFO RocksDBTimestampedStore - Opening store video-metadata-store in regular mode
03:43:22.714 INFO RocksDBTimestampedStore - Opening store user-subscriptions-store in regular mode
03:43:22.755 INFO RocksDBTimestampedStore - Opening store video-view-counts in regular mode
03:43:22.800 INFO RocksDBTimestampedStore - Opening store video-watch-time in regular mode
03:43:22.838 INFO RocksDBTimestampedStore - Opening store views-by-genre in regular mode
03:43:22.886 INFO RocksDBTimestampedStore - Opening store user-watch-time in regular mode
03:43:22.932 INFO RocksDBTimestampedStore - Opening store views-by-subscription in regular mode
03:43:22.934 INFO ProcessorStateManager - topology-test-driver State store video-metadata-store did not find checkpoint offset, hence would default to the starting offset at changelog integration-test-video-metadata-store-changelog-0
03:43:22.934 INFO ProcessorStateManager - topology-test-driver State store user-subscriptions-store did not find checkpoint offset, hence would default to the starting offset at changelog integration-test-user-subscriptions-store-changelog-0
03:43:22.934 INFO ProcessorStateManager - topology-test-driver State store video-view-counts did not find checkpoint offset, hence would default to the starting offset at changelog integration-test-video-view-counts-changelog-0
03:43:22.934 INFO ProcessorStateManager - topology-test-driver State store video-watch-time did not find checkpoint offset, hence would default to the starting offset at changelog integration-test-video-watch-time-changelog-0
03:43:22.934 INFO ProcessorStateManager - topology-test-driver State store views-by-genre did not find checkpoint offset, hence would default to the starting offset at changelog integration-test-views-by-genre-changelog-0
03:43:22.934 INFO ProcessorStateManager - topology-test-driver State store user-watch-time did not find checkpoint offset, hence would default to the starting offset at changelog integration-test-user-watch-time-changelog-0
03:43:22.934 INFO ProcessorStateManager - topology-test-driver State store views-by-subscription did not find checkpoint offset, hence would default to the starting offset at changelog integration-test-views-by-subscription-changelog-0
03:43:22.934 INFO ProcessorStateManager - topology-test-driver State store trending-videos did not find checkpoint offset, hence would default to the starting offset at changelog integration-test-trending-videos-changelog-0
03:43:22.934 INFO StreamTask - stream-thread [main] task [0_0] Initialized
03:43:22.940 INFO StreamTask - stream-thread [main] task [0_0] Restored and ready to run
03:43:23.037 INFO RocksDBTimestampedStore - Opening store trending-videos.1765420650000 in regular mode
03:43:23.071 INFO RocksDBTimestampedStore - Opening store trending-videos.1765420800000 in regular mode
03:43:23.116 INFO RocksDBTimestampedStore - Opening store trending-videos.1765420950000 in regular mode
03:43:23.330 INFO TopologyTestDriver - Method #getTimestampedKeyValueStore() should be used to access a TimestampedKeyValueStore.
03:43:23.331 INFO StreamTask - stream-thread [main] task [0_0] Suspended from RUNNING
03:43:23.370 INFO RecordCollectorImpl - topology-test-driver Closing record collector clean
03:43:23.370 INFO StreamTask - stream-thread [main] task [0_0] Closed clean
03:43:23.370 INFO StateDirectory - stream-thread [main] Deleting task directory 0_0 for 0_0 as user calling cleanup.
03:43:23.374 WARN StateDirectory - stream-thread [main] Failed to delete state store directory of /home/sarra/projects/kafka-streams-esgi/test_state_integration/integration-test for it is not empty
]]></system-out>
  </testcase>
  <testcase name="testVideoViewCounts" classname="com.streaming.integration.VideoStreamingIntegrationTest" time="0.682">
    <system-out><![CDATA[03:43:23.422 INFO RocksDBTimestampedStore - Opening store video-metadata-store in regular mode
03:43:23.460 INFO RocksDBTimestampedStore - Opening store user-subscriptions-store in regular mode
03:43:23.499 INFO RocksDBTimestampedStore - Opening store video-view-counts in regular mode
03:43:23.534 INFO RocksDBTimestampedStore - Opening store video-watch-time in regular mode
03:43:23.571 INFO RocksDBTimestampedStore - Opening store views-by-genre in regular mode
03:43:23.614 INFO RocksDBTimestampedStore - Opening store user-watch-time in regular mode
03:43:23.652 INFO RocksDBTimestampedStore - Opening store views-by-subscription in regular mode
03:43:23.653 INFO ProcessorStateManager - topology-test-driver State store video-metadata-store did not find checkpoint offset, hence would default to the starting offset at changelog integration-test-video-metadata-store-changelog-0
03:43:23.653 INFO ProcessorStateManager - topology-test-driver State store user-subscriptions-store did not find checkpoint offset, hence would default to the starting offset at changelog integration-test-user-subscriptions-store-changelog-0
03:43:23.653 INFO ProcessorStateManager - topology-test-driver State store video-view-counts did not find checkpoint offset, hence would default to the starting offset at changelog integration-test-video-view-counts-changelog-0
03:43:23.653 INFO ProcessorStateManager - topology-test-driver State store video-watch-time did not find checkpoint offset, hence would default to the starting offset at changelog integration-test-video-watch-time-changelog-0
03:43:23.653 INFO ProcessorStateManager - topology-test-driver State store views-by-genre did not find checkpoint offset, hence would default to the starting offset at changelog integration-test-views-by-genre-changelog-0
03:43:23.653 INFO ProcessorStateManager - topology-test-driver State store user-watch-time did not find checkpoint offset, hence would default to the starting offset at changelog integration-test-user-watch-time-changelog-0
03:43:23.653 INFO ProcessorStateManager - topology-test-driver State store views-by-subscription did not find checkpoint offset, hence would default to the starting offset at changelog integration-test-views-by-subscription-changelog-0
03:43:23.653 INFO ProcessorStateManager - topology-test-driver State store trending-videos did not find checkpoint offset, hence would default to the starting offset at changelog integration-test-trending-videos-changelog-0
03:43:23.653 INFO StreamTask - stream-thread [main] task [0_0] Initialized
03:43:23.658 INFO StreamTask - stream-thread [main] task [0_0] Restored and ready to run
03:43:23.705 INFO RocksDBTimestampedStore - Opening store trending-videos.1765420650000 in regular mode
03:43:23.745 INFO RocksDBTimestampedStore - Opening store trending-videos.1765420800000 in regular mode
03:43:23.784 INFO RocksDBTimestampedStore - Opening store trending-videos.1765420950000 in regular mode
03:43:24.028 INFO TopologyTestDriver - Method #getTimestampedKeyValueStore() should be used to access a TimestampedKeyValueStore.
03:43:24.028 INFO StreamTask - stream-thread [main] task [0_0] Suspended from RUNNING
03:43:24.054 INFO RecordCollectorImpl - topology-test-driver Closing record collector clean
03:43:24.054 INFO StreamTask - stream-thread [main] task [0_0] Closed clean
03:43:24.054 INFO StateDirectory - stream-thread [main] Deleting task directory 0_0 for 0_0 as user calling cleanup.
03:43:24.058 WARN StateDirectory - stream-thread [main] Failed to delete state store directory of /home/sarra/projects/kafka-streams-esgi/test_state_integration/integration-test for it is not empty
]]></system-out>
  </testcase>
  <testcase name="testViewsByGenre" classname="com.streaming.integration.VideoStreamingIntegrationTest" time="1.087">
    <system-out><![CDATA[03:43:24.102 INFO RocksDBTimestampedStore - Opening store video-metadata-store in regular mode
03:43:24.138 INFO RocksDBTimestampedStore - Opening store user-subscriptions-store in regular mode
03:43:24.174 INFO RocksDBTimestampedStore - Opening store video-view-counts in regular mode
03:43:24.217 INFO RocksDBTimestampedStore - Opening store video-watch-time in regular mode
03:43:24.255 INFO RocksDBTimestampedStore - Opening store views-by-genre in regular mode
03:43:24.295 INFO RocksDBTimestampedStore - Opening store user-watch-time in regular mode
03:43:24.327 INFO RocksDBTimestampedStore - Opening store views-by-subscription in regular mode
03:43:24.328 INFO ProcessorStateManager - topology-test-driver State store video-metadata-store did not find checkpoint offset, hence would default to the starting offset at changelog integration-test-video-metadata-store-changelog-0
03:43:24.328 INFO ProcessorStateManager - topology-test-driver State store user-subscriptions-store did not find checkpoint offset, hence would default to the starting offset at changelog integration-test-user-subscriptions-store-changelog-0
03:43:24.328 INFO ProcessorStateManager - topology-test-driver State store video-view-counts did not find checkpoint offset, hence would default to the starting offset at changelog integration-test-video-view-counts-changelog-0
03:43:24.328 INFO ProcessorStateManager - topology-test-driver State store video-watch-time did not find checkpoint offset, hence would default to the starting offset at changelog integration-test-video-watch-time-changelog-0
03:43:24.328 INFO ProcessorStateManager - topology-test-driver State store views-by-genre did not find checkpoint offset, hence would default to the starting offset at changelog integration-test-views-by-genre-changelog-0
03:43:24.328 INFO ProcessorStateManager - topology-test-driver State store user-watch-time did not find checkpoint offset, hence would default to the starting offset at changelog integration-test-user-watch-time-changelog-0
03:43:24.328 INFO ProcessorStateManager - topology-test-driver State store views-by-subscription did not find checkpoint offset, hence would default to the starting offset at changelog integration-test-views-by-subscription-changelog-0
03:43:24.328 INFO ProcessorStateManager - topology-test-driver State store trending-videos did not find checkpoint offset, hence would default to the starting offset at changelog integration-test-trending-videos-changelog-0
03:43:24.328 INFO StreamTask - stream-thread [main] task [0_0] Initialized
03:43:24.333 INFO StreamTask - stream-thread [main] task [0_0] Restored and ready to run
03:43:24.426 INFO RocksDBTimestampedStore - Opening store trending-videos.1765420650000 in regular mode
03:43:24.457 INFO RocksDBTimestampedStore - Opening store trending-videos.1765420800000 in regular mode
03:43:24.492 INFO RocksDBTimestampedStore - Opening store trending-videos.1765420950000 in regular mode
03:43:25.102 INFO TopologyTestDriver - Method #getTimestampedKeyValueStore() should be used to access a TimestampedKeyValueStore.
03:43:25.103 INFO StreamTask - stream-thread [main] task [0_0] Suspended from RUNNING
03:43:25.142 INFO RecordCollectorImpl - topology-test-driver Closing record collector clean
03:43:25.142 INFO StreamTask - stream-thread [main] task [0_0] Closed clean
03:43:25.142 INFO StateDirectory - stream-thread [main] Deleting task directory 0_0 for 0_0 as user calling cleanup.
03:43:25.146 WARN StateDirectory - stream-thread [main] Failed to delete state store directory of /home/sarra/projects/kafka-streams-esgi/test_state_integration/integration-test for it is not empty
]]></system-out>
  </testcase>
  <testcase name="testWatchTimeAggregation" classname="com.streaming.integration.VideoStreamingIntegrationTest" time="0.61">
    <system-out><![CDATA[03:43:25.189 INFO RocksDBTimestampedStore - Opening store video-metadata-store in regular mode
03:43:25.223 INFO RocksDBTimestampedStore - Opening store user-subscriptions-store in regular mode
03:43:25.258 INFO RocksDBTimestampedStore - Opening store video-view-counts in regular mode
03:43:25.295 INFO RocksDBTimestampedStore - Opening store video-watch-time in regular mode
03:43:25.328 INFO RocksDBTimestampedStore - Opening store views-by-genre in regular mode
03:43:25.361 INFO RocksDBTimestampedStore - Opening store user-watch-time in regular mode
03:43:25.393 INFO RocksDBTimestampedStore - Opening store views-by-subscription in regular mode
03:43:25.394 INFO ProcessorStateManager - topology-test-driver State store video-metadata-store did not find checkpoint offset, hence would default to the starting offset at changelog integration-test-video-metadata-store-changelog-0
03:43:25.394 INFO ProcessorStateManager - topology-test-driver State store user-subscriptions-store did not find checkpoint offset, hence would default to the starting offset at changelog integration-test-user-subscriptions-store-changelog-0
03:43:25.394 INFO ProcessorStateManager - topology-test-driver State store video-view-counts did not find checkpoint offset, hence would default to the starting offset at changelog integration-test-video-view-counts-changelog-0
03:43:25.395 INFO ProcessorStateManager - topology-test-driver State store video-watch-time did not find checkpoint offset, hence would default to the starting offset at changelog integration-test-video-watch-time-changelog-0
03:43:25.395 INFO ProcessorStateManager - topology-test-driver State store views-by-genre did not find checkpoint offset, hence would default to the starting offset at changelog integration-test-views-by-genre-changelog-0
03:43:25.395 INFO ProcessorStateManager - topology-test-driver State store user-watch-time did not find checkpoint offset, hence would default to the starting offset at changelog integration-test-user-watch-time-changelog-0
03:43:25.395 INFO ProcessorStateManager - topology-test-driver State store views-by-subscription did not find checkpoint offset, hence would default to the starting offset at changelog integration-test-views-by-subscription-changelog-0
03:43:25.395 INFO ProcessorStateManager - topology-test-driver State store trending-videos did not find checkpoint offset, hence would default to the starting offset at changelog integration-test-trending-videos-changelog-0
03:43:25.395 INFO StreamTask - stream-thread [main] task [0_0] Initialized
03:43:25.400 INFO StreamTask - stream-thread [main] task [0_0] Restored and ready to run
03:43:25.438 INFO RocksDBTimestampedStore - Opening store trending-videos.1765420650000 in regular mode
03:43:25.469 INFO RocksDBTimestampedStore - Opening store trending-videos.1765420800000 in regular mode
03:43:25.502 INFO RocksDBTimestampedStore - Opening store trending-videos.1765420950000 in regular mode
03:43:25.726 INFO TopologyTestDriver - Method #getTimestampedKeyValueStore() should be used to access a TimestampedKeyValueStore.
03:43:25.726 INFO StreamTask - stream-thread [main] task [0_0] Suspended from RUNNING
03:43:25.753 INFO RecordCollectorImpl - topology-test-driver Closing record collector clean
03:43:25.753 INFO StreamTask - stream-thread [main] task [0_0] Closed clean
03:43:25.753 INFO StateDirectory - stream-thread [main] Deleting task directory 0_0 for 0_0 as user calling cleanup.
03:43:25.757 WARN StateDirectory - stream-thread [main] Failed to delete state store directory of /home/sarra/projects/kafka-streams-esgi/test_state_integration/integration-test for it is not empty
]]></system-out>
  </testcase>
</testsuite>