<?xml version="1.0" encoding="UTF-8"?>
<testsuite xmlns:xsi="http://www.w3.org/2001/XMLSchema-instance" xsi:noNamespaceSchemaLocation="https://maven.apache.org/surefire/maven-surefire-plugin/xsd/surefire-test-report-3.0.xsd" version="3.0" name="com.streaming.streams.VideoStreamingTopologyTest" time="11.196" tests="8" errors="0" skipped="0" failures="0">
  <properties>
[...]
</properties>
  <testcase name="testSubscriptionJoinComplex" classname="com.streaming.streams.VideoStreamingTopologyTest" time="3.153">
    <system-out><![CDATA[03:43:12.149 INFO RocksDBTimestampedStore - Opening store video-metadata-store in regular mode
03:43:12.214 INFO RocksDBTimestampedStore - Opening store user-subscriptions-store in regular mode
03:43:12.264 INFO RocksDBTimestampedStore - Opening store video-view-counts in regular mode
03:43:12.315 INFO RocksDBTimestampedStore - Opening store video-watch-time in regular mode
03:43:12.372 INFO RocksDBTimestampedStore - Opening store views-by-genre in regular mode
03:43:12.427 INFO RocksDBTimestampedStore - Opening store user-watch-time in regular mode
03:43:12.482 INFO RocksDBTimestampedStore - Opening store views-by-subscription in regular mode
03:43:12.492 INFO ProcessorStateManager - topology-test-driver State store video-metadata-store did not find checkpoint offset, hence would default to the starting offset at changelog test-kafka-video-metadata-store-changelog-0
03:43:12.492 INFO ProcessorStateManager - topology-test-driver State store user-subscriptions-store did not find checkpoint offset, hence would default to the starting offset at changelog test-kafka-user-subscriptions-store-changelog-0
03:43:12.492 INFO ProcessorStateManager - topology-test-driver State store video-view-counts did not find checkpoint offset, hence would default to the starting offset at changelog test-kafka-video-view-counts-changelog-0
03:43:12.492 INFO ProcessorStateManager - topology-test-driver State store video-watch-time did not find checkpoint offset, hence would default to the starting offset at changelog test-kafka-video-watch-time-changelog-0
03:43:12.492 INFO ProcessorStateManager - topology-test-driver State store views-by-genre did not find checkpoint offset, hence would default to the starting offset at changelog test-kafka-views-by-genre-changelog-0
03:43:12.492 INFO ProcessorStateManager - topology-test-driver State store user-watch-time did not find checkpoint offset, hence would default to the starting offset at changelog test-kafka-user-watch-time-changelog-0
03:43:12.492 INFO ProcessorStateManager - topology-test-driver State store views-by-subscription did not find checkpoint offset, hence would default to the starting offset at changelog test-kafka-views-by-subscription-changelog-0
03:43:12.493 INFO ProcessorStateManager - topology-test-driver State store trending-videos did not find checkpoint offset, hence would default to the starting offset at changelog test-kafka-trending-videos-changelog-0
03:43:12.493 INFO StreamTask - stream-thread [main] task [0_0] Initialized
03:43:12.511 INFO StreamTask - stream-thread [main] task [0_0] Restored and ready to run
03:43:12.842 INFO RocksDBTimestampedStore - Opening store trending-videos.1765420650000 in regular mode
03:43:12.910 INFO RocksDBTimestampedStore - Opening store trending-videos.1765420800000 in regular mode
03:43:12.981 INFO RocksDBTimestampedStore - Opening store trending-videos.1765420950000 in regular mode
03:43:14.488 INFO TopologyTestDriver - Method #getTimestampedKeyValueStore() should be used to access a TimestampedKeyValueStore.
03:43:14.494 INFO StreamTask - stream-thread [main] task [0_0] Suspended from RUNNING
03:43:14.549 INFO RecordCollectorImpl - topology-test-driver Closing record collector clean
03:43:14.550 INFO StreamTask - stream-thread [main] task [0_0] Closed clean
03:43:14.551 INFO StateDirectory - stream-thread [main] Deleting task directory 0_0 for 0_0 as user calling cleanup.
]]></system-out>
  </testcase>
  <testcase name="testSubscriptionJoin" classname="com.streaming.streams.VideoStreamingTopologyTest" time="0.733">
    <system-out><![CDATA[03:43:14.622 INFO RocksDBTimestampedStore - Opening store video-metadata-store in regular mode
03:43:14.664 INFO RocksDBTimestampedStore - Opening store user-subscriptions-store in regular mode
03:43:14.697 INFO RocksDBTimestampedStore - Opening store video-view-counts in regular mode
03:43:14.731 INFO RocksDBTimestampedStore - Opening store video-watch-time in regular mode
03:43:14.766 INFO RocksDBTimestampedStore - Opening store views-by-genre in regular mode
03:43:14.796 INFO RocksDBTimestampedStore - Opening store user-watch-time in regular mode
03:43:14.834 INFO RocksDBTimestampedStore - Opening store views-by-subscription in regular mode
03:43:14.836 INFO ProcessorStateManager - topology-test-driver State store video-metadata-store did not find checkpoint offset, hence would default to the starting offset at changelog test-kafka-video-metadata-store-changelog-0
03:43:14.836 INFO ProcessorStateManager - topology-test-driver State store user-subscriptions-store did not find checkpoint offset, hence would default to the starting offset at changelog test-kafka-user-subscriptions-store-changelog-0
03:43:14.836 INFO ProcessorStateManager - topology-test-driver State store video-view-counts did not find checkpoint offset, hence would default to the starting offset at changelog test-kafka-video-view-counts-changelog-0
03:43:14.836 INFO ProcessorStateManager - topology-test-driver State store video-watch-time did not find checkpoint offset, hence would default to the starting offset at changelog test-kafka-video-watch-time-changelog-0
03:43:14.836 INFO ProcessorStateManager - topology-test-driver State store views-by-genre did not find checkpoint offset, hence would default to the starting offset at changelog test-kafka-views-by-genre-changelog-0
03:43:14.836 INFO ProcessorStateManager - topology-test-driver State store user-watch-time did not find checkpoint offset, hence would default to the starting offset at changelog test-kafka-user-watch-time-changelog-0
03:43:14.836 INFO ProcessorStateManager - topology-test-driver State store views-by-subscription did not find checkpoint offset, hence would default to the starting offset at changelog test-kafka-views-by-subscription-changelog-0
03:43:14.836 INFO ProcessorStateManager - topology-test-driver State store trending-videos did not find checkpoint offset, hence would default to the starting offset at changelog test-kafka-trending-videos-changelog-0
03:43:14.837 INFO StreamTask - stream-thread [main] task [0_0] Initialized
03:43:14.842 INFO StreamTask - stream-thread [main] task [0_0] Restored and ready to run
03:43:14.935 INFO RocksDBTimestampedStore - Opening store trending-videos.1765420650000 in regular mode
03:43:14.972 INFO RocksDBTimestampedStore - Opening store trending-videos.1765420800000 in regular mode
03:43:15.005 INFO RocksDBTimestampedStore - Opening store trending-videos.1765420950000 in regular mode
03:43:15.249 INFO TopologyTestDriver - Method #getTimestampedKeyValueStore() should be used to access a TimestampedKeyValueStore.
03:43:15.250 INFO StreamTask - stream-thread [main] task [0_0] Suspended from RUNNING
03:43:15.295 INFO RecordCollectorImpl - topology-test-driver Closing record collector clean
03:43:15.295 INFO StreamTask - stream-thread [main] task [0_0] Closed clean
03:43:15.296 INFO StateDirectory - stream-thread [main] Deleting task directory 0_0 for 0_0 as user calling cleanup.
]]></system-out>
  </testcase>
  <testcase name="testVideoViewCounts" classname="com.streaming.streams.VideoStreamingTopologyTest" time="0.661">
    <system-out><![CDATA[03:43:15.359 INFO RocksDBTimestampedStore - Opening store video-metadata-store in regular mode
03:43:15.396 INFO RocksDBTimestampedStore - Opening store user-subscriptions-store in regular mode
03:43:15.432 INFO RocksDBTimestampedStore - Opening store video-view-counts in regular mode
03:43:15.477 INFO RocksDBTimestampedStore - Opening store video-watch-time in regular mode
03:43:15.509 INFO RocksDBTimestampedStore - Opening store views-by-genre in regular mode
03:43:15.544 INFO RocksDBTimestampedStore - Opening store user-watch-time in regular mode
03:43:15.583 INFO RocksDBTimestampedStore - Opening store views-by-subscription in regular mode
03:43:15.584 INFO ProcessorStateManager - topology-test-driver State store video-metadata-store did not find checkpoint offset, hence would default to the starting offset at changelog test-kafka-video-metadata-store-changelog-0
03:43:15.584 INFO ProcessorStateManager - topology-test-driver State store user-subscriptions-store did not find checkpoint offset, hence would default to the starting offset at changelog test-kafka-user-subscriptions-store-changelog-0
03:43:15.584 INFO ProcessorStateManager - topology-test-driver State store video-view-counts did not find checkpoint offset, hence would default to the starting offset at changelog test-kafka-video-view-counts-changelog-0
03:43:15.584 INFO ProcessorStateManager - topology-test-driver State store video-watch-time did not find checkpoint offset, hence would default to the starting offset at changelog test-kafka-video-watch-time-changelog-0
03:43:15.584 INFO ProcessorStateManager - topology-test-driver State store views-by-genre did not find checkpoint offset, hence would default to the starting offset at changelog test-kafka-views-by-genre-changelog-0
03:43:15.584 INFO ProcessorStateManager - topology-test-driver State store user-watch-time did not find checkpoint offset, hence would default to the starting offset at changelog test-kafka-user-watch-time-changelog-0
03:43:15.585 INFO ProcessorStateManager - topology-test-driver State store views-by-subscription did not find checkpoint offset, hence would default to the starting offset at changelog test-kafka-views-by-subscription-changelog-0
03:43:15.585 INFO ProcessorStateManager - topology-test-driver State store trending-videos did not find checkpoint offset, hence would default to the starting offset at changelog test-kafka-trending-videos-changelog-0
03:43:15.585 INFO StreamTask - stream-thread [main] task [0_0] Initialized
03:43:15.591 INFO StreamTask - stream-thread [main] task [0_0] Restored and ready to run
03:43:15.628 INFO RocksDBTimestampedStore - Opening store trending-videos.1765420650000 in regular mode
03:43:15.663 INFO RocksDBTimestampedStore - Opening store trending-videos.1765420800000 in regular mode
03:43:15.696 INFO RocksDBTimestampedStore - Opening store trending-videos.1765420950000 in regular mode
03:43:15.929 INFO TopologyTestDriver - Method #getTimestampedKeyValueStore() should be used to access a TimestampedKeyValueStore.
03:43:15.930 INFO StreamTask - stream-thread [main] task [0_0] Suspended from RUNNING
03:43:15.961 INFO RecordCollectorImpl - topology-test-driver Closing record collector clean
03:43:15.961 INFO StreamTask - stream-thread [main] task [0_0] Closed clean
03:43:15.961 INFO StateDirectory - stream-thread [main] Deleting task directory 0_0 for 0_0 as user calling cleanup.
]]></system-out>
  </testcase>
  <testcase name="testVideoViewCountscomplexe" classname="com.streaming.streams.VideoStreamingTopologyTest" time="1.536">
    <system-out><![CDATA[03:43:16.014 INFO RocksDBTimestampedStore - Opening store video-metadata-store in regular mode
03:43:16.053 INFO RocksDBTimestampedStore - Opening store user-subscriptions-store in regular mode
03:43:16.095 INFO RocksDBTimestampedStore - Opening store video-view-counts in regular mode
03:43:16.129 INFO RocksDBTimestampedStore - Opening store video-watch-time in regular mode
03:43:16.168 INFO RocksDBTimestampedStore - Opening store views-by-genre in regular mode
03:43:16.203 INFO RocksDBTimestampedStore - Opening store user-watch-time in regular mode
03:43:16.239 INFO RocksDBTimestampedStore - Opening store views-by-subscription in regular mode
03:43:16.241 INFO ProcessorStateManager - topology-test-driver State store video-metadata-store did not find checkpoint offset, hence would default to the starting offset at changelog test-kafka-video-metadata-store-changelog-0
03:43:16.241 INFO ProcessorStateManager - topology-test-driver State store user-subscriptions-store did not find checkpoint offset, hence would default to the starting offset at changelog test-kafka-user-subscriptions-store-changelog-0
03:43:16.241 INFO ProcessorStateManager - topology-test-driver State store video-view-counts did not find checkpoint offset, hence would default to the starting offset at changelog test-kafka-video-view-counts-changelog-0
03:43:16.241 INFO ProcessorStateManager - topology-test-driver State store video-watch-time did not find checkpoint offset, hence would default to the starting offset at changelog test-kafka-video-watch-time-changelog-0
03:43:16.241 INFO ProcessorStateManager - topology-test-driver State store views-by-genre did not find checkpoint offset, hence would default to the starting offset at changelog test-kafka-views-by-genre-changelog-0
03:43:16.241 INFO ProcessorStateManager - topology-test-driver State store user-watch-time did not find checkpoint offset, hence would default to the starting offset at changelog test-kafka-user-watch-time-changelog-0
03:43:16.241 INFO ProcessorStateManager - topology-test-driver State store views-by-subscription did not find checkpoint offset, hence would default to the starting offset at changelog test-kafka-views-by-subscription-changelog-0
03:43:16.241 INFO ProcessorStateManager - topology-test-driver State store trending-videos did not find checkpoint offset, hence would default to the starting offset at changelog test-kafka-trending-videos-changelog-0
03:43:16.241 INFO StreamTask - stream-thread [main] task [0_0] Initialized
03:43:16.248 INFO StreamTask - stream-thread [main] task [0_0] Restored and ready to run
03:43:16.299 INFO RocksDBTimestampedStore - Opening store trending-videos.1765420650000 in regular mode
03:43:16.332 INFO RocksDBTimestampedStore - Opening store trending-videos.1765420800000 in regular mode
03:43:16.368 INFO RocksDBTimestampedStore - Opening store trending-videos.1765420950000 in regular mode
03:43:17.466 INFO TopologyTestDriver - Method #getTimestampedKeyValueStore() should be used to access a TimestampedKeyValueStore.
03:43:17.467 INFO StreamTask - stream-thread [main] task [0_0] Suspended from RUNNING
03:43:17.497 INFO RecordCollectorImpl - topology-test-driver Closing record collector clean
03:43:17.497 INFO StreamTask - stream-thread [main] task [0_0] Closed clean
03:43:17.498 INFO StateDirectory - stream-thread [main] Deleting task directory 0_0 for 0_0 as user calling cleanup.
]]></system-out>
  </testcase>
  <testcase name="testViewsByGenre_MultipleComplexCases" classname="com.streaming.streams.VideoStreamingTopologyTest" time="2.177">
    <system-out><![CDATA[03:43:17.562 INFO RocksDBTimestampedStore - Opening store video-metadata-store in regular mode
03:43:17.602 INFO RocksDBTimestampedStore - Opening store user-subscriptions-store in regular mode
03:43:17.642 INFO RocksDBTimestampedStore - Opening store video-view-counts in regular mode
03:43:17.687 INFO RocksDBTimestampedStore - Opening store video-watch-time in regular mode
03:43:17.727 INFO RocksDBTimestampedStore - Opening store views-by-genre in regular mode
03:43:17.804 INFO RocksDBTimestampedStore - Opening store user-watch-time in regular mode
03:43:17.841 INFO RocksDBTimestampedStore - Opening store views-by-subscription in regular mode
03:43:17.842 INFO ProcessorStateManager - topology-test-driver State store video-metadata-store did not find checkpoint offset, hence would default to the starting offset at changelog test-kafka-video-metadata-store-changelog-0
03:43:17.842 INFO ProcessorStateManager - topology-test-driver State store user-subscriptions-store did not find checkpoint offset, hence would default to the starting offset at changelog test-kafka-user-subscriptions-store-changelog-0
03:43:17.843 INFO ProcessorStateManager - topology-test-driver State store video-view-counts did not find checkpoint offset, hence would default to the starting offset at changelog test-kafka-video-view-counts-changelog-0
03:43:17.843 INFO ProcessorStateManager - topology-test-driver State store video-watch-time did not find checkpoint offset, hence would default to the starting offset at changelog test-kafka-video-watch-time-changelog-0
03:43:17.843 INFO ProcessorStateManager - topology-test-driver State store views-by-genre did not find checkpoint offset, hence would default to the starting offset at changelog test-kafka-views-by-genre-changelog-0
03:43:17.843 INFO ProcessorStateManager - topology-test-driver State store user-watch-time did not find checkpoint offset, hence would default to the starting offset at changelog test-kafka-user-watch-time-changelog-0
03:43:17.843 INFO ProcessorStateManager - topology-test-driver State store views-by-subscription did not find checkpoint offset, hence would default to the starting offset at changelog test-kafka-views-by-subscription-changelog-0
03:43:17.843 INFO ProcessorStateManager - topology-test-driver State store trending-videos did not find checkpoint offset, hence would default to the starting offset at changelog test-kafka-trending-videos-changelog-0
03:43:17.843 INFO StreamTask - stream-thread [main] task [0_0] Initialized
03:43:17.848 INFO StreamTask - stream-thread [main] task [0_0] Restored and ready to run
03:43:17.969 INFO RocksDBTimestampedStore - Opening store trending-videos.1765420650000 in regular mode
03:43:18.003 INFO RocksDBTimestampedStore - Opening store trending-videos.1765420800000 in regular mode
03:43:18.039 INFO RocksDBTimestampedStore - Opening store trending-videos.1765420950000 in regular mode
03:43:19.632 INFO TopologyTestDriver - Method #getTimestampedKeyValueStore() should be used to access a TimestampedKeyValueStore.
03:43:19.633 INFO StreamTask - stream-thread [main] task [0_0] Suspended from RUNNING
03:43:19.674 INFO RecordCollectorImpl - topology-test-driver Closing record collector clean
03:43:19.674 INFO StreamTask - stream-thread [main] task [0_0] Closed clean
03:43:19.674 INFO StateDirectory - stream-thread [main] Deleting task directory 0_0 for 0_0 as user calling cleanup.
]]></system-out>
  </testcase>
  <testcase name="testViewsByGenre" classname="com.streaming.streams.VideoStreamingTopologyTest" time="1.139">
    <system-out><![CDATA[03:43:19.732 INFO RocksDBTimestampedStore - Opening store video-metadata-store in regular mode
03:43:19.769 INFO RocksDBTimestampedStore - Opening store user-subscriptions-store in regular mode
03:43:19.806 INFO RocksDBTimestampedStore - Opening store video-view-counts in regular mode
03:43:19.841 INFO RocksDBTimestampedStore - Opening store video-watch-time in regular mode
03:43:19.879 INFO RocksDBTimestampedStore - Opening store views-by-genre in regular mode
03:43:19.919 INFO RocksDBTimestampedStore - Opening store user-watch-time in regular mode
03:43:19.958 INFO RocksDBTimestampedStore - Opening store views-by-subscription in regular mode
03:43:19.960 INFO ProcessorStateManager - topology-test-driver State store video-metadata-store did not find checkpoint offset, hence would default to the starting offset at changelog test-kafka-video-metadata-store-changelog-0
03:43:19.960 INFO ProcessorStateManager - topology-test-driver State store user-subscriptions-store did not find checkpoint offset, hence would default to the starting offset at changelog test-kafka-user-subscriptions-store-changelog-0
03:43:19.960 INFO ProcessorStateManager - topology-test-driver State store video-view-counts did not find checkpoint offset, hence would default to the starting offset at changelog test-kafka-video-view-counts-changelog-0
03:43:19.960 INFO ProcessorStateManager - topology-test-driver State store video-watch-time did not find checkpoint offset, hence would default to the starting offset at changelog test-kafka-video-watch-time-changelog-0
03:43:19.960 INFO ProcessorStateManager - topology-test-driver State store views-by-genre did not find checkpoint offset, hence would default to the starting offset at changelog test-kafka-views-by-genre-changelog-0
03:43:19.960 INFO ProcessorStateManager - topology-test-driver State store user-watch-time did not find checkpoint offset, hence would default to the starting offset at changelog test-kafka-user-watch-time-changelog-0
03:43:19.960 INFO ProcessorStateManager - topology-test-driver State store views-by-subscription did not find checkpoint offset, hence would default to the starting offset at changelog test-kafka-views-by-subscription-changelog-0
03:43:19.960 INFO ProcessorStateManager - topology-test-driver State store trending-videos did not find checkpoint offset, hence would default to the starting offset at changelog test-kafka-trending-videos-changelog-0
03:43:19.960 INFO StreamTask - stream-thread [main] task [0_0] Initialized
03:43:19.967 INFO StreamTask - stream-thread [main] task [0_0] Restored and ready to run
03:43:20.076 INFO RocksDBTimestampedStore - Opening store trending-videos.1765420650000 in regular mode
03:43:20.112 INFO RocksDBTimestampedStore - Opening store trending-videos.1765420800000 in regular mode
03:43:20.146 INFO RocksDBTimestampedStore - Opening store trending-videos.1765420950000 in regular mode
03:43:20.784 INFO TopologyTestDriver - Method #getTimestampedKeyValueStore() should be used to access a TimestampedKeyValueStore.
03:43:20.784 INFO StreamTask - stream-thread [main] task [0_0] Suspended from RUNNING
03:43:20.819 INFO RecordCollectorImpl - topology-test-driver Closing record collector clean
03:43:20.819 INFO StreamTask - stream-thread [main] task [0_0] Closed clean
03:43:20.819 INFO StateDirectory - stream-thread [main] Deleting task directory 0_0 for 0_0 as user calling cleanup.
]]></system-out>
  </testcase>
  <testcase name="testWatchTimeAggregation" classname="com.streaming.streams.VideoStreamingTopologyTest" time="0.585">
    <system-out><![CDATA[03:43:20.872 INFO RocksDBTimestampedStore - Opening store video-metadata-store in regular mode
03:43:20.904 INFO RocksDBTimestampedStore - Opening store user-subscriptions-store in regular mode
03:43:20.937 INFO RocksDBTimestampedStore - Opening store video-view-counts in regular mode
03:43:20.972 INFO RocksDBTimestampedStore - Opening store video-watch-time in regular mode
03:43:21.006 INFO RocksDBTimestampedStore - Opening store views-by-genre in regular mode
03:43:21.037 INFO RocksDBTimestampedStore - Opening store user-watch-time in regular mode
03:43:21.072 INFO RocksDBTimestampedStore - Opening store views-by-subscription in regular mode
03:43:21.073 INFO ProcessorStateManager - topology-test-driver State store video-metadata-store did not find checkpoint offset, hence would default to the starting offset at changelog test-kafka-video-metadata-store-changelog-0
03:43:21.073 INFO ProcessorStateManager - topology-test-driver State store user-subscriptions-store did not find checkpoint offset, hence would default to the starting offset at changelog test-kafka-user-subscriptions-store-changelog-0
03:43:21.073 INFO ProcessorStateManager - topology-test-driver State store video-view-counts did not find checkpoint offset, hence would default to the starting offset at changelog test-kafka-video-view-counts-changelog-0
03:43:21.073 INFO ProcessorStateManager - topology-test-driver State store video-watch-time did not find checkpoint offset, hence would default to the starting offset at changelog test-kafka-video-watch-time-changelog-0
03:43:21.073 INFO ProcessorStateManager - topology-test-driver State store views-by-genre did not find checkpoint offset, hence would default to the starting offset at changelog test-kafka-views-by-genre-changelog-0
03:43:21.073 INFO ProcessorStateManager - topology-test-driver State store user-watch-time did not find checkpoint offset, hence would default to the starting offset at changelog test-kafka-user-watch-time-changelog-0
03:43:21.073 INFO ProcessorStateManager - topology-test-driver State store views-by-subscription did not find checkpoint offset, hence would default to the starting offset at changelog test-kafka-views-by-subscription-changelog-0
03:43:21.073 INFO ProcessorStateManager - topology-test-driver State store trending-videos did not find checkpoint offset, hence would default to the starting offset at changelog test-kafka-trending-videos-changelog-0
03:43:21.073 INFO StreamTask - stream-thread [main] task [0_0] Initialized
03:43:21.079 INFO StreamTask - stream-thread [main] task [0_0] Restored and ready to run
03:43:21.112 INFO RocksDBTimestampedStore - Opening store trending-videos.1765420650000 in regular mode
03:43:21.140 INFO RocksDBTimestampedStore - Opening store trending-videos.1765420800000 in regular mode
03:43:21.170 INFO RocksDBTimestampedStore - Opening store trending-videos.1765420950000 in regular mode
03:43:21.379 INFO TopologyTestDriver - Method #getTimestampedKeyValueStore() should be used to access a TimestampedKeyValueStore.
03:43:21.380 INFO StreamTask - stream-thread [main] task [0_0] Suspended from RUNNING
03:43:21.406 INFO RecordCollectorImpl - topology-test-driver Closing record collector clean
03:43:21.406 INFO StreamTask - stream-thread [main] task [0_0] Closed clean
03:43:21.406 INFO StateDirectory - stream-thread [main] Deleting task directory 0_0 for 0_0 as user calling cleanup.
]]></system-out>
  </testcase>
  <testcase name="testWatchTimeAggregationComplex" classname="com.streaming.streams.VideoStreamingTopologyTest" time="1.166">
    <system-out><![CDATA[03:43:21.453 INFO RocksDBTimestampedStore - Opening store video-metadata-store in regular mode
03:43:21.484 INFO RocksDBTimestampedStore - Opening store user-subscriptions-store in regular mode
03:43:21.519 INFO RocksDBTimestampedStore - Opening store video-view-counts in regular mode
03:43:21.552 INFO RocksDBTimestampedStore - Opening store video-watch-time in regular mode
03:43:21.587 INFO RocksDBTimestampedStore - Opening store views-by-genre in regular mode
03:43:21.617 INFO RocksDBTimestampedStore - Opening store user-watch-time in regular mode
03:43:21.649 INFO RocksDBTimestampedStore - Opening store views-by-subscription in regular mode
03:43:21.651 INFO ProcessorStateManager - topology-test-driver State store video-metadata-store did not find checkpoint offset, hence would default to the starting offset at changelog test-kafka-video-metadata-store-changelog-0
03:43:21.651 INFO ProcessorStateManager - topology-test-driver State store user-subscriptions-store did not find checkpoint offset, hence would default to the starting offset at changelog test-kafka-user-subscriptions-store-changelog-0
03:43:21.651 INFO ProcessorStateManager - topology-test-driver State store video-view-counts did not find checkpoint offset, hence would default to the starting offset at changelog test-kafka-video-view-counts-changelog-0
03:43:21.651 INFO ProcessorStateManager - topology-test-driver State store video-watch-time did not find checkpoint offset, hence would default to the starting offset at changelog test-kafka-video-watch-time-changelog-0
03:43:21.651 INFO ProcessorStateManager - topology-test-driver State store views-by-genre did not find checkpoint offset, hence would default to the starting offset at changelog test-kafka-views-by-genre-changelog-0
03:43:21.651 INFO ProcessorStateManager - topology-test-driver State store user-watch-time did not find checkpoint offset, hence would default to the starting offset at changelog test-kafka-user-watch-time-changelog-0
03:43:21.651 INFO ProcessorStateManager - topology-test-driver State store views-by-subscription did not find checkpoint offset, hence would default to the starting offset at changelog test-kafka-views-by-subscription-changelog-0
03:43:21.651 INFO ProcessorStateManager - topology-test-driver State store trending-videos did not find checkpoint offset, hence would default to the starting offset at changelog test-kafka-trending-videos-changelog-0
03:43:21.651 INFO StreamTask - stream-thread [main] task [0_0] Initialized
03:43:21.657 INFO StreamTask - stream-thread [main] task [0_0] Restored and ready to run
03:43:21.708 INFO RocksDBTimestampedStore - Opening store trending-videos.1765420650000 in regular mode
03:43:21.748 INFO RocksDBTimestampedStore - Opening store trending-videos.1765420800000 in regular mode
03:43:21.794 INFO RocksDBTimestampedStore - Opening store trending-videos.1765420950000 in regular mode
03:43:22.544 INFO TopologyTestDriver - Method #getTimestampedKeyValueStore() should be used to access a TimestampedKeyValueStore.
03:43:22.544 INFO StreamTask - stream-thread [main] task [0_0] Suspended from RUNNING
03:43:22.570 INFO RecordCollectorImpl - topology-test-driver Closing record collector clean
03:43:22.570 INFO StreamTask - stream-thread [main] task [0_0] Closed clean
03:43:22.570 INFO StateDirectory - stream-thread [main] Deleting task directory 0_0 for 0_0 as user calling cleanup.
]]></system-out>
  </testcase>
</testsuite>