<?xml version="1.0" encoding="UTF-8"?>
<testsuite xmlns:xsi="http://www.w3.org/2001/XMLSchema-instance" xsi:noNamespaceSchemaLocation="https://maven.apache.org/surefire/maven-surefire-plugin/xsd/surefire-test-report-3.0.xsd" version="3.0" name="com.streaming.streams.VideoStreamingTopologyTest" time="11.526" tests="8" errors="0" skipped="0" failures="0">
  <properties>
[...]
</properties>
  <testcase name="testSubscriptionJoinComplex" classname="com.streaming.streams.VideoStreamingTopologyTest" time="2.074">
    <system-out><![CDATA[09:06:32.721 INFO RocksDBTimestampedStore - Opening store video-metadata-store in regular mode
09:06:32.757 INFO RocksDBTimestampedStore - Opening store user-subscriptions-store in regular mode
09:06:32.805 INFO RocksDBTimestampedStore - Opening store video-view-counts in regular mode
09:06:32.853 INFO RocksDBTimestampedStore - Opening store video-watch-time in regular mode
09:06:32.908 INFO RocksDBTimestampedStore - Opening store views-by-genre in regular mode
09:06:32.955 INFO RocksDBTimestampedStore - Opening store user-watch-time in regular mode
09:06:33.008 INFO RocksDBTimestampedStore - Opening store views-by-subscription in regular mode
09:06:33.011 INFO ProcessorStateManager - topology-test-driver State store video-metadata-store did not find checkpoint offset, hence would default to the starting offset at changelog test-kafka-video-metadata-store-changelog-0
09:06:33.011 INFO ProcessorStateManager - topology-test-driver State store user-subscriptions-store did not find checkpoint offset, hence would default to the starting offset at changelog test-kafka-user-subscriptions-store-changelog-0
09:06:33.011 INFO ProcessorStateManager - topology-test-driver State store video-view-counts did not find checkpoint offset, hence would default to the starting offset at changelog test-kafka-video-view-counts-changelog-0
09:06:33.011 INFO ProcessorStateManager - topology-test-driver State store video-watch-time did not find checkpoint offset, hence would default to the starting offset at changelog test-kafka-video-watch-time-changelog-0
09:06:33.011 INFO ProcessorStateManager - topology-test-driver State store views-by-genre did not find checkpoint offset, hence would default to the starting offset at changelog test-kafka-views-by-genre-changelog-0
09:06:33.011 INFO ProcessorStateManager - topology-test-driver State store user-watch-time did not find checkpoint offset, hence would default to the starting offset at changelog test-kafka-user-watch-time-changelog-0
09:06:33.011 INFO ProcessorStateManager - topology-test-driver State store views-by-subscription did not find checkpoint offset, hence would default to the starting offset at changelog test-kafka-views-by-subscription-changelog-0
09:06:33.011 INFO ProcessorStateManager - topology-test-driver State store trending-videos did not find checkpoint offset, hence would default to the starting offset at changelog test-kafka-trending-videos-changelog-0
09:06:33.011 INFO StreamTask - stream-thread [main] task [0_0] Initialized
09:06:33.017 INFO StreamTask - stream-thread [main] task [0_0] Restored and ready to run
09:06:33.162 INFO RocksDBTimestampedStore - Opening store trending-videos.1765440000000 in regular mode
09:06:33.207 INFO RocksDBTimestampedStore - Opening store trending-videos.1765440150000 in regular mode
09:06:33.249 INFO RocksDBTimestampedStore - Opening store trending-videos.1765440300000 in regular mode
09:06:34.690 INFO TopologyTestDriver - Method #getTimestampedKeyValueStore() should be used to access a TimestampedKeyValueStore.
09:06:34.692 INFO StreamTask - stream-thread [main] task [0_0] Suspended from RUNNING
09:06:34.736 INFO RecordCollectorImpl - topology-test-driver Closing record collector clean
09:06:34.736 INFO StreamTask - stream-thread [main] task [0_0] Closed clean
09:06:34.737 INFO StateDirectory - stream-thread [main] Deleting task directory 0_0 for 0_0 as user calling cleanup.
]]></system-out>
  </testcase>
  <testcase name="testSubscriptionJoin" classname="com.streaming.streams.VideoStreamingTopologyTest" time="0.796">
    <system-out><![CDATA[09:06:34.810 INFO RocksDBTimestampedStore - Opening store video-metadata-store in regular mode
09:06:34.855 INFO RocksDBTimestampedStore - Opening store user-subscriptions-store in regular mode
09:06:34.904 INFO RocksDBTimestampedStore - Opening store video-view-counts in regular mode
09:06:34.951 INFO RocksDBTimestampedStore - Opening store video-watch-time in regular mode
09:06:35.010 INFO RocksDBTimestampedStore - Opening store views-by-genre in regular mode
09:06:35.052 INFO RocksDBTimestampedStore - Opening store user-watch-time in regular mode
09:06:35.098 INFO RocksDBTimestampedStore - Opening store views-by-subscription in regular mode
09:06:35.100 INFO ProcessorStateManager - topology-test-driver State store video-metadata-store did not find checkpoint offset, hence would default to the starting offset at changelog test-kafka-video-metadata-store-changelog-0
09:06:35.100 INFO ProcessorStateManager - topology-test-driver State store user-subscriptions-store did not find checkpoint offset, hence would default to the starting offset at changelog test-kafka-user-subscriptions-store-changelog-0
09:06:35.100 INFO ProcessorStateManager - topology-test-driver State store video-view-counts did not find checkpoint offset, hence would default to the starting offset at changelog test-kafka-video-view-counts-changelog-0
09:06:35.100 INFO ProcessorStateManager - topology-test-driver State store video-watch-time did not find checkpoint offset, hence would default to the starting offset at changelog test-kafka-video-watch-time-changelog-0
09:06:35.100 INFO ProcessorStateManager - topology-test-driver State store views-by-genre did not find checkpoint offset, hence would default to the starting offset at changelog test-kafka-views-by-genre-changelog-0
09:06:35.100 INFO ProcessorStateManager - topology-test-driver State store user-watch-time did not find checkpoint offset, hence would default to the starting offset at changelog test-kafka-user-watch-time-changelog-0
09:06:35.100 INFO ProcessorStateManager - topology-test-driver State store views-by-subscription did not find checkpoint offset, hence would default to the starting offset at changelog test-kafka-views-by-subscription-changelog-0
09:06:35.100 INFO ProcessorStateManager - topology-test-driver State store trending-videos did not find checkpoint offset, hence would default to the starting offset at changelog test-kafka-trending-videos-changelog-0
09:06:35.100 INFO StreamTask - stream-thread [main] task [0_0] Initialized
09:06:35.106 INFO StreamTask - stream-thread [main] task [0_0] Restored and ready to run
09:06:35.190 INFO RocksDBTimestampedStore - Opening store trending-videos.1765440000000 in regular mode
09:06:35.229 INFO RocksDBTimestampedStore - Opening store trending-videos.1765440150000 in regular mode
09:06:35.276 INFO RocksDBTimestampedStore - Opening store trending-videos.1765440300000 in regular mode
09:06:35.492 INFO TopologyTestDriver - Method #getTimestampedKeyValueStore() should be used to access a TimestampedKeyValueStore.
09:06:35.495 INFO StreamTask - stream-thread [main] task [0_0] Suspended from RUNNING
09:06:35.536 INFO RecordCollectorImpl - topology-test-driver Closing record collector clean
09:06:35.537 INFO StreamTask - stream-thread [main] task [0_0] Closed clean
09:06:35.537 INFO StateDirectory - stream-thread [main] Deleting task directory 0_0 for 0_0 as user calling cleanup.
]]></system-out>
  </testcase>
  <testcase name="testVideoViewCounts" classname="com.streaming.streams.VideoStreamingTopologyTest" time="0.804">
    <system-out><![CDATA[09:06:35.614 INFO RocksDBTimestampedStore - Opening store video-metadata-store in regular mode
09:06:35.658 INFO RocksDBTimestampedStore - Opening store user-subscriptions-store in regular mode
09:06:35.703 INFO RocksDBTimestampedStore - Opening store video-view-counts in regular mode
09:06:35.759 INFO RocksDBTimestampedStore - Opening store video-watch-time in regular mode
09:06:35.802 INFO RocksDBTimestampedStore - Opening store views-by-genre in regular mode
09:06:35.857 INFO RocksDBTimestampedStore - Opening store user-watch-time in regular mode
09:06:35.907 INFO RocksDBTimestampedStore - Opening store views-by-subscription in regular mode
09:06:35.909 INFO ProcessorStateManager - topology-test-driver State store video-metadata-store did not find checkpoint offset, hence would default to the starting offset at changelog test-kafka-video-metadata-store-changelog-0
09:06:35.909 INFO ProcessorStateManager - topology-test-driver State store user-subscriptions-store did not find checkpoint offset, hence would default to the starting offset at changelog test-kafka-user-subscriptions-store-changelog-0
09:06:35.909 INFO ProcessorStateManager - topology-test-driver State store video-view-counts did not find checkpoint offset, hence would default to the starting offset at changelog test-kafka-video-view-counts-changelog-0
09:06:35.909 INFO ProcessorStateManager - topology-test-driver State store video-watch-time did not find checkpoint offset, hence would default to the starting offset at changelog test-kafka-video-watch-time-changelog-0
09:06:35.909 INFO ProcessorStateManager - topology-test-driver State store views-by-genre did not find checkpoint offset, hence would default to the starting offset at changelog test-kafka-views-by-genre-changelog-0
09:06:35.909 INFO ProcessorStateManager - topology-test-driver State store user-watch-time did not find checkpoint offset, hence would default to the starting offset at changelog test-kafka-user-watch-time-changelog-0
09:06:35.909 INFO ProcessorStateManager - topology-test-driver State store views-by-subscription did not find checkpoint offset, hence would default to the starting offset at changelog test-kafka-views-by-subscription-changelog-0
09:06:35.910 INFO ProcessorStateManager - topology-test-driver State store trending-videos did not find checkpoint offset, hence would default to the starting offset at changelog test-kafka-trending-videos-changelog-0
09:06:35.910 INFO StreamTask - stream-thread [main] task [0_0] Initialized
09:06:35.915 INFO StreamTask - stream-thread [main] task [0_0] Restored and ready to run
09:06:35.969 INFO RocksDBTimestampedStore - Opening store trending-videos.1765440000000 in regular mode
09:06:36.017 INFO RocksDBTimestampedStore - Opening store trending-videos.1765440150000 in regular mode
09:06:36.068 INFO RocksDBTimestampedStore - Opening store trending-videos.1765440300000 in regular mode
09:06:36.312 INFO TopologyTestDriver - Method #getTimestampedKeyValueStore() should be used to access a TimestampedKeyValueStore.
09:06:36.313 INFO StreamTask - stream-thread [main] task [0_0] Suspended from RUNNING
09:06:36.344 INFO RecordCollectorImpl - topology-test-driver Closing record collector clean
09:06:36.344 INFO StreamTask - stream-thread [main] task [0_0] Closed clean
09:06:36.345 INFO StateDirectory - stream-thread [main] Deleting task directory 0_0 for 0_0 as user calling cleanup.
]]></system-out>
  </testcase>
  <testcase name="testVideoViewCountscomplexe" classname="com.streaming.streams.VideoStreamingTopologyTest" time="1.572">
    <system-out><![CDATA[09:06:36.414 INFO RocksDBTimestampedStore - Opening store video-metadata-store in regular mode
09:06:36.456 INFO RocksDBTimestampedStore - Opening store user-subscriptions-store in regular mode
09:06:36.501 INFO RocksDBTimestampedStore - Opening store video-view-counts in regular mode
09:06:36.546 INFO RocksDBTimestampedStore - Opening store video-watch-time in regular mode
09:06:36.586 INFO RocksDBTimestampedStore - Opening store views-by-genre in regular mode
09:06:36.632 INFO RocksDBTimestampedStore - Opening store user-watch-time in regular mode
09:06:36.679 INFO RocksDBTimestampedStore - Opening store views-by-subscription in regular mode
09:06:36.679 INFO ProcessorStateManager - topology-test-driver State store video-metadata-store did not find checkpoint offset, hence would default to the starting offset at changelog test-kafka-video-metadata-store-changelog-0
09:06:36.679 INFO ProcessorStateManager - topology-test-driver State store user-subscriptions-store did not find checkpoint offset, hence would default to the starting offset at changelog test-kafka-user-subscriptions-store-changelog-0
09:06:36.679 INFO ProcessorStateManager - topology-test-driver State store video-view-counts did not find checkpoint offset, hence would default to the starting offset at changelog test-kafka-video-view-counts-changelog-0
09:06:36.679 INFO ProcessorStateManager - topology-test-driver State store video-watch-time did not find checkpoint offset, hence would default to the starting offset at changelog test-kafka-video-watch-time-changelog-0
09:06:36.679 INFO ProcessorStateManager - topology-test-driver State store views-by-genre did not find checkpoint offset, hence would default to the starting offset at changelog test-kafka-views-by-genre-changelog-0
09:06:36.679 INFO ProcessorStateManager - topology-test-driver State store user-watch-time did not find checkpoint offset, hence would default to the starting offset at changelog test-kafka-user-watch-time-changelog-0
09:06:36.679 INFO ProcessorStateManager - topology-test-driver State store views-by-subscription did not find checkpoint offset, hence would default to the starting offset at changelog test-kafka-views-by-subscription-changelog-0
09:06:36.679 INFO ProcessorStateManager - topology-test-driver State store trending-videos did not find checkpoint offset, hence would default to the starting offset at changelog test-kafka-trending-videos-changelog-0
09:06:36.679 INFO StreamTask - stream-thread [main] task [0_0] Initialized
09:06:36.684 INFO StreamTask - stream-thread [main] task [0_0] Restored and ready to run
09:06:36.727 INFO RocksDBTimestampedStore - Opening store trending-videos.1765440000000 in regular mode
09:06:36.769 INFO RocksDBTimestampedStore - Opening store trending-videos.1765440150000 in regular mode
09:06:36.812 INFO RocksDBTimestampedStore - Opening store trending-videos.1765440300000 in regular mode
09:06:37.880 INFO TopologyTestDriver - Method #getTimestampedKeyValueStore() should be used to access a TimestampedKeyValueStore.
09:06:37.881 INFO StreamTask - stream-thread [main] task [0_0] Suspended from RUNNING
09:06:37.912 INFO RecordCollectorImpl - topology-test-driver Closing record collector clean
09:06:37.912 INFO StreamTask - stream-thread [main] task [0_0] Closed clean
09:06:37.912 INFO StateDirectory - stream-thread [main] Deleting task directory 0_0 for 0_0 as user calling cleanup.
]]></system-out>
  </testcase>
  <testcase name="testViewsByGenre_MultipleComplexCases" classname="com.streaming.streams.VideoStreamingTopologyTest" time="2.934">
    <system-out><![CDATA[09:06:37.983 INFO RocksDBTimestampedStore - Opening store video-metadata-store in regular mode
09:06:38.029 INFO RocksDBTimestampedStore - Opening store user-subscriptions-store in regular mode
09:06:38.072 INFO RocksDBTimestampedStore - Opening store video-view-counts in regular mode
09:06:38.117 INFO RocksDBTimestampedStore - Opening store video-watch-time in regular mode
09:06:38.162 INFO RocksDBTimestampedStore - Opening store views-by-genre in regular mode
09:06:38.215 INFO RocksDBTimestampedStore - Opening store user-watch-time in regular mode
09:06:38.263 INFO RocksDBTimestampedStore - Opening store views-by-subscription in regular mode
09:06:38.264 INFO ProcessorStateManager - topology-test-driver State store video-metadata-store did not find checkpoint offset, hence would default to the starting offset at changelog test-kafka-video-metadata-store-changelog-0
09:06:38.264 INFO ProcessorStateManager - topology-test-driver State store user-subscriptions-store did not find checkpoint offset, hence would default to the starting offset at changelog test-kafka-user-subscriptions-store-changelog-0
09:06:38.264 INFO ProcessorStateManager - topology-test-driver State store video-view-counts did not find checkpoint offset, hence would default to the starting offset at changelog test-kafka-video-view-counts-changelog-0
09:06:38.264 INFO ProcessorStateManager - topology-test-driver State store video-watch-time did not find checkpoint offset, hence would default to the starting offset at changelog test-kafka-video-watch-time-changelog-0
09:06:38.264 INFO ProcessorStateManager - topology-test-driver State store views-by-genre did not find checkpoint offset, hence would default to the starting offset at changelog test-kafka-views-by-genre-changelog-0
09:06:38.264 INFO ProcessorStateManager - topology-test-driver State store user-watch-time did not find checkpoint offset, hence would default to the starting offset at changelog test-kafka-user-watch-time-changelog-0
09:06:38.264 INFO ProcessorStateManager - topology-test-driver State store views-by-subscription did not find checkpoint offset, hence would default to the starting offset at changelog test-kafka-views-by-subscription-changelog-0
09:06:38.264 INFO ProcessorStateManager - topology-test-driver State store trending-videos did not find checkpoint offset, hence would default to the starting offset at changelog test-kafka-trending-videos-changelog-0
09:06:38.264 INFO StreamTask - stream-thread [main] task [0_0] Initialized
09:06:38.268 INFO StreamTask - stream-thread [main] task [0_0] Restored and ready to run
09:06:38.381 INFO RocksDBTimestampedStore - Opening store trending-videos.1765440000000 in regular mode
09:06:38.430 INFO RocksDBTimestampedStore - Opening store trending-videos.1765440150000 in regular mode
09:06:38.477 INFO RocksDBTimestampedStore - Opening store trending-videos.1765440300000 in regular mode
09:06:40.811 INFO TopologyTestDriver - Method #getTimestampedKeyValueStore() should be used to access a TimestampedKeyValueStore.
09:06:40.814 INFO StreamTask - stream-thread [main] task [0_0] Suspended from RUNNING
09:06:40.847 INFO RecordCollectorImpl - topology-test-driver Closing record collector clean
09:06:40.847 INFO StreamTask - stream-thread [main] task [0_0] Closed clean
09:06:40.848 INFO StateDirectory - stream-thread [main] Deleting task directory 0_0 for 0_0 as user calling cleanup.
]]></system-out>
  </testcase>
  <testcase name="testViewsByGenre" classname="com.streaming.streams.VideoStreamingTopologyTest" time="1.197">
    <system-out><![CDATA[09:06:40.905 INFO RocksDBTimestampedStore - Opening store video-metadata-store in regular mode
09:06:40.946 INFO RocksDBTimestampedStore - Opening store user-subscriptions-store in regular mode
09:06:40.995 INFO RocksDBTimestampedStore - Opening store video-view-counts in regular mode
09:06:41.041 INFO RocksDBTimestampedStore - Opening store video-watch-time in regular mode
09:06:41.083 INFO RocksDBTimestampedStore - Opening store views-by-genre in regular mode
09:06:41.125 INFO RocksDBTimestampedStore - Opening store user-watch-time in regular mode
09:06:41.174 INFO RocksDBTimestampedStore - Opening store views-by-subscription in regular mode
09:06:41.176 INFO ProcessorStateManager - topology-test-driver State store video-metadata-store did not find checkpoint offset, hence would default to the starting offset at changelog test-kafka-video-metadata-store-changelog-0
09:06:41.176 INFO ProcessorStateManager - topology-test-driver State store user-subscriptions-store did not find checkpoint offset, hence would default to the starting offset at changelog test-kafka-user-subscriptions-store-changelog-0
09:06:41.176 INFO ProcessorStateManager - topology-test-driver State store video-view-counts did not find checkpoint offset, hence would default to the starting offset at changelog test-kafka-video-view-counts-changelog-0
09:06:41.176 INFO ProcessorStateManager - topology-test-driver State store video-watch-time did not find checkpoint offset, hence would default to the starting offset at changelog test-kafka-video-watch-time-changelog-0
09:06:41.176 INFO ProcessorStateManager - topology-test-driver State store views-by-genre did not find checkpoint offset, hence would default to the starting offset at changelog test-kafka-views-by-genre-changelog-0
09:06:41.176 INFO ProcessorStateManager - topology-test-driver State store user-watch-time did not find checkpoint offset, hence would default to the starting offset at changelog test-kafka-user-watch-time-changelog-0
09:06:41.176 INFO ProcessorStateManager - topology-test-driver State store views-by-subscription did not find checkpoint offset, hence would default to the starting offset at changelog test-kafka-views-by-subscription-changelog-0
09:06:41.176 INFO ProcessorStateManager - topology-test-driver State store trending-videos did not find checkpoint offset, hence would default to the starting offset at changelog test-kafka-trending-videos-changelog-0
09:06:41.176 INFO StreamTask - stream-thread [main] task [0_0] Initialized
09:06:41.182 INFO StreamTask - stream-thread [main] task [0_0] Restored and ready to run
09:06:41.286 INFO RocksDBTimestampedStore - Opening store trending-videos.1765440000000 in regular mode
09:06:41.335 INFO RocksDBTimestampedStore - Opening store trending-videos.1765440150000 in regular mode
09:06:41.381 INFO RocksDBTimestampedStore - Opening store trending-videos.1765440300000 in regular mode
09:06:42.007 INFO TopologyTestDriver - Method #getTimestampedKeyValueStore() should be used to access a TimestampedKeyValueStore.
09:06:42.008 INFO StreamTask - stream-thread [main] task [0_0] Suspended from RUNNING
09:06:42.043 INFO RecordCollectorImpl - topology-test-driver Closing record collector clean
09:06:42.043 INFO StreamTask - stream-thread [main] task [0_0] Closed clean
09:06:42.044 INFO StateDirectory - stream-thread [main] Deleting task directory 0_0 for 0_0 as user calling cleanup.
]]></system-out>
  </testcase>
  <testcase name="testWatchTimeAggregation" classname="com.streaming.streams.VideoStreamingTopologyTest" time="0.743">
    <system-out><![CDATA[09:06:42.103 INFO RocksDBTimestampedStore - Opening store video-metadata-store in regular mode
09:06:42.148 INFO RocksDBTimestampedStore - Opening store user-subscriptions-store in regular mode
09:06:42.191 INFO RocksDBTimestampedStore - Opening store video-view-counts in regular mode
09:06:42.233 INFO RocksDBTimestampedStore - Opening store video-watch-time in regular mode
09:06:42.283 INFO RocksDBTimestampedStore - Opening store views-by-genre in regular mode
09:06:42.325 INFO RocksDBTimestampedStore - Opening store user-watch-time in regular mode
09:06:42.372 INFO RocksDBTimestampedStore - Opening store views-by-subscription in regular mode
09:06:42.374 INFO ProcessorStateManager - topology-test-driver State store video-metadata-store did not find checkpoint offset, hence would default to the starting offset at changelog test-kafka-video-metadata-store-changelog-0
09:06:42.374 INFO ProcessorStateManager - topology-test-driver State store user-subscriptions-store did not find checkpoint offset, hence would default to the starting offset at changelog test-kafka-user-subscriptions-store-changelog-0
09:06:42.374 INFO ProcessorStateManager - topology-test-driver State store video-view-counts did not find checkpoint offset, hence would default to the starting offset at changelog test-kafka-video-view-counts-changelog-0
09:06:42.374 INFO ProcessorStateManager - topology-test-driver State store video-watch-time did not find checkpoint offset, hence would default to the starting offset at changelog test-kafka-video-watch-time-changelog-0
09:06:42.374 INFO ProcessorStateManager - topology-test-driver State store views-by-genre did not find checkpoint offset, hence would default to the starting offset at changelog test-kafka-views-by-genre-changelog-0
09:06:42.374 INFO ProcessorStateManager - topology-test-driver State store user-watch-time did not find checkpoint offset, hence would default to the starting offset at changelog test-kafka-user-watch-time-changelog-0
09:06:42.374 INFO ProcessorStateManager - topology-test-driver State store views-by-subscription did not find checkpoint offset, hence would default to the starting offset at changelog test-kafka-views-by-subscription-changelog-0
09:06:42.374 INFO ProcessorStateManager - topology-test-driver State store trending-videos did not find checkpoint offset, hence would default to the starting offset at changelog test-kafka-trending-videos-changelog-0
09:06:42.374 INFO StreamTask - stream-thread [main] task [0_0] Initialized
09:06:42.378 INFO StreamTask - stream-thread [main] task [0_0] Restored and ready to run
09:06:42.430 INFO RocksDBTimestampedStore - Opening store trending-videos.1765440000000 in regular mode
09:06:42.479 INFO RocksDBTimestampedStore - Opening store trending-videos.1765440150000 in regular mode
09:06:42.524 INFO RocksDBTimestampedStore - Opening store trending-videos.1765440300000 in regular mode
09:06:42.755 INFO TopologyTestDriver - Method #getTimestampedKeyValueStore() should be used to access a TimestampedKeyValueStore.
09:06:42.756 INFO StreamTask - stream-thread [main] task [0_0] Suspended from RUNNING
09:06:42.789 INFO RecordCollectorImpl - topology-test-driver Closing record collector clean
09:06:42.789 INFO StreamTask - stream-thread [main] task [0_0] Closed clean
09:06:42.789 INFO StateDirectory - stream-thread [main] Deleting task directory 0_0 for 0_0 as user calling cleanup.
]]></system-out>
  </testcase>
  <testcase name="testWatchTimeAggregationComplex" classname="com.streaming.streams.VideoStreamingTopologyTest" time="1.4">
    <system-out><![CDATA[09:06:42.861 INFO RocksDBTimestampedStore - Opening store video-metadata-store in regular mode
09:06:42.905 INFO RocksDBTimestampedStore - Opening store user-subscriptions-store in regular mode
09:06:42.944 INFO RocksDBTimestampedStore - Opening store video-view-counts in regular mode
09:06:42.995 INFO RocksDBTimestampedStore - Opening store video-watch-time in regular mode
09:06:43.045 INFO RocksDBTimestampedStore - Opening store views-by-genre in regular mode
09:06:43.088 INFO RocksDBTimestampedStore - Opening store user-watch-time in regular mode
09:06:43.145 INFO RocksDBTimestampedStore - Opening store views-by-subscription in regular mode
09:06:43.146 INFO ProcessorStateManager - topology-test-driver State store video-metadata-store did not find checkpoint offset, hence would default to the starting offset at changelog test-kafka-video-metadata-store-changelog-0
09:06:43.146 INFO ProcessorStateManager - topology-test-driver State store user-subscriptions-store did not find checkpoint offset, hence would default to the starting offset at changelog test-kafka-user-subscriptions-store-changelog-0
09:06:43.146 INFO ProcessorStateManager - topology-test-driver State store video-view-counts did not find checkpoint offset, hence would default to the starting offset at changelog test-kafka-video-view-counts-changelog-0
09:06:43.146 INFO ProcessorStateManager - topology-test-driver State store video-watch-time did not find checkpoint offset, hence would default to the starting offset at changelog test-kafka-video-watch-time-changelog-0
09:06:43.146 INFO ProcessorStateManager - topology-test-driver State store views-by-genre did not find checkpoint offset, hence would default to the starting offset at changelog test-kafka-views-by-genre-changelog-0
09:06:43.146 INFO ProcessorStateManager - topology-test-driver State store user-watch-time did not find checkpoint offset, hence would default to the starting offset at changelog test-kafka-user-watch-time-changelog-0
09:06:43.146 INFO ProcessorStateManager - topology-test-driver State store views-by-subscription did not find checkpoint offset, hence would default to the starting offset at changelog test-kafka-views-by-subscription-changelog-0
09:06:43.146 INFO ProcessorStateManager - topology-test-driver State store trending-videos did not find checkpoint offset, hence would default to the starting offset at changelog test-kafka-trending-videos-changelog-0
09:06:43.146 INFO StreamTask - stream-thread [main] task [0_0] Initialized
09:06:43.151 INFO StreamTask - stream-thread [main] task [0_0] Restored and ready to run
09:06:43.203 INFO RocksDBTimestampedStore - Opening store trending-videos.1765440000000 in regular mode
09:06:43.251 INFO RocksDBTimestampedStore - Opening store trending-videos.1765440150000 in regular mode
09:06:43.302 INFO RocksDBTimestampedStore - Opening store trending-videos.1765440300000 in regular mode
09:06:44.138 INFO TopologyTestDriver - Method #getTimestampedKeyValueStore() should be used to access a TimestampedKeyValueStore.
09:06:44.139 INFO StreamTask - stream-thread [main] task [0_0] Suspended from RUNNING
09:06:44.188 INFO RecordCollectorImpl - topology-test-driver Closing record collector clean
09:06:44.188 INFO StreamTask - stream-thread [main] task [0_0] Closed clean
09:06:44.188 INFO StateDirectory - stream-thread [main] Deleting task directory 0_0 for 0_0 as user calling cleanup.
]]></system-out>
  </testcase>
</testsuite>